<?xml version="1.0" encoding="UTF-8"?>
<!-- Generated by org.testng.reporters.JUnitXMLReporter -->
<testsuite ignored="1" hostname="MSI" failures="0" tests="2" name="carLoan" time="0.021" errors="0" timestamp="2024-04-13T15:06:14 IST">
  <testcase classname="TestNG.day3" name="APIloginCarLoan" time="0.003"/>
  <testcase classname="TestNG.day3" name="WebloginCarLoan" time="0.002"/>
  <testcase classname="TestNG.day3" name="MobilloginCarLoan" time="0.0">
    <ignored/>
  </testcase> <!-- MobilloginCarLoan -->
</testsuite> <!-- carLoan -->
