<?xml version="1.0" encoding="UTF-8"?>
<!-- Generated by org.testng.reporters.JUnitXMLReporter -->
<testsuite ignored="4" hostname="MSI" failures="0" tests="3" name="personal Loan" time="0.17" errors="0" timestamp="2024-04-14T11:31:15 IST">
  <testcase classname="TestNG.day1" name="SecondTest" time="0.019"/>
  <testcase classname="TestNG.day2" name="smoke2" time="0.002"/>
  <testcase classname="TestNG.day3" name="APIloginCarLoan" time="0.005"/>
  <testcase classname="TestNG.day3" name="WebloginCarLoan" time="0.0">
    <ignored/>
  </testcase> <!-- WebloginCarLoan -->
  <testcase classname="TestNG.day2" name="pLoan" time="0.0">
    <ignored/>
  </testcase> <!-- pLoan -->
  <testcase classname="TestNG.day3" name="MobilloginCarLoan" time="0.0">
    <ignored/>
  </testcase> <!-- MobilloginCarLoan -->
  <testcase classname="TestNG.day1" name="demo" time="0.0">
    <ignored/>
  </testcase> <!-- demo -->
</testsuite> <!-- personal Loan -->
